{"/Users/lac/Desktop/dayjs-jp-calendar/src/index.ts": {"path":"/Users/lac/Desktop/dayjs-jp-calendar/src/index.ts","all":false,"statementMap":{"0":{"start":{"line":1,"column":0},"end":{"line":1,"column":41}},"1":{"start":{"line":2,"column":0},"end":{"line":2,"column":0}},"2":{"start":{"line":3,"column":0},"end":{"line":3,"column":53}},"3":{"start":{"line":4,"column":0},"end":{"line":4,"column":0}},"4":{"start":{"line":5,"column":0},"end":{"line":5,"column":3}},"5":{"start":{"line":6,"column":0},"end":{"line":6,"column":21}},"6":{"start":{"line":7,"column":0},"end":{"line":7,"column":23}},"7":{"start":{"line":8,"column":0},"end":{"line":8,"column":2}},"8":{"start":{"line":9,"column":0},"end":{"line":9,"column":50}},"9":{"start":{"line":10,"column":0},"end":{"line":10,"column":7}},"10":{"start":{"line":11,"column":0},"end":{"line":11,"column":35}},"11":{"start":{"line":12,"column":0},"end":{"line":12,"column":60}},"12":{"start":{"line":13,"column":0},"end":{"line":13,"column":22}},"13":{"start":{"line":14,"column":0},"end":{"line":14,"column":17}},"14":{"start":{"line":15,"column":0},"end":{"line":15,"column":24}},"15":{"start":{"line":16,"column":0},"end":{"line":16,"column":56}},"16":{"start":{"line":17,"column":0},"end":{"line":17,"column":11}},"17":{"start":{"line":18,"column":0},"end":{"line":18,"column":20}},"18":{"start":{"line":19,"column":0},"end":{"line":19,"column":3}},"19":{"start":{"line":20,"column":0},"end":{"line":20,"column":1}},"20":{"start":{"line":21,"column":0},"end":{"line":21,"column":0}},"21":{"start":{"line":22,"column":0},"end":{"line":22,"column":3}},"22":{"start":{"line":23,"column":0},"end":{"line":23,"column":20}},"23":{"start":{"line":24,"column":0},"end":{"line":24,"column":22}},"24":{"start":{"line":25,"column":0},"end":{"line":25,"column":2}},"25":{"start":{"line":26,"column":0},"end":{"line":26,"column":49}},"26":{"start":{"line":27,"column":0},"end":{"line":27,"column":7}},"27":{"start":{"line":28,"column":0},"end":{"line":28,"column":35}},"28":{"start":{"line":29,"column":0},"end":{"line":29,"column":60}},"29":{"start":{"line":30,"column":0},"end":{"line":30,"column":18}},"30":{"start":{"line":31,"column":0},"end":{"line":31,"column":6}},"31":{"start":{"line":32,"column":0},"end":{"line":32,"column":24}},"32":{"start":{"line":33,"column":0},"end":{"line":33,"column":46}},"33":{"start":{"line":34,"column":0},"end":{"line":34,"column":24}},"34":{"start":{"line":35,"column":0},"end":{"line":35,"column":20}},"35":{"start":{"line":36,"column":0},"end":{"line":36,"column":22}},"36":{"start":{"line":37,"column":0},"end":{"line":37,"column":20}},"37":{"start":{"line":38,"column":0},"end":{"line":38,"column":22}},"38":{"start":{"line":39,"column":0},"end":{"line":39,"column":20}},"39":{"start":{"line":40,"column":0},"end":{"line":40,"column":22}},"40":{"start":{"line":41,"column":0},"end":{"line":41,"column":20}},"41":{"start":{"line":42,"column":0},"end":{"line":42,"column":22}},"42":{"start":{"line":43,"column":0},"end":{"line":43,"column":20}},"43":{"start":{"line":44,"column":0},"end":{"line":44,"column":22}},"44":{"start":{"line":45,"column":0},"end":{"line":45,"column":18}},"45":{"start":{"line":46,"column":0},"end":{"line":46,"column":24}},"46":{"start":{"line":47,"column":0},"end":{"line":47,"column":9}},"47":{"start":{"line":48,"column":0},"end":{"line":48,"column":8}},"48":{"start":{"line":49,"column":0},"end":{"line":49,"column":57}},"49":{"start":{"line":50,"column":0},"end":{"line":50,"column":11}},"50":{"start":{"line":51,"column":0},"end":{"line":51,"column":20}},"51":{"start":{"line":52,"column":0},"end":{"line":52,"column":3}},"52":{"start":{"line":53,"column":0},"end":{"line":53,"column":1}},"53":{"start":{"line":54,"column":0},"end":{"line":54,"column":0}},"54":{"start":{"line":55,"column":0},"end":{"line":55,"column":56}},"55":{"start":{"line":56,"column":0},"end":{"line":56,"column":27}},"56":{"start":{"line":57,"column":0},"end":{"line":57,"column":32}},"57":{"start":{"line":58,"column":0},"end":{"line":58,"column":0}},"58":{"start":{"line":59,"column":0},"end":{"line":59,"column":50}},"59":{"start":{"line":60,"column":0},"end":{"line":60,"column":79}},"60":{"start":{"line":61,"column":0},"end":{"line":61,"column":22}},"61":{"start":{"line":62,"column":0},"end":{"line":62,"column":20}},"62":{"start":{"line":63,"column":0},"end":{"line":63,"column":35}},"63":{"start":{"line":64,"column":0},"end":{"line":64,"column":19}},"64":{"start":{"line":65,"column":0},"end":{"line":65,"column":34}},"65":{"start":{"line":66,"column":0},"end":{"line":66,"column":18}},"66":{"start":{"line":67,"column":0},"end":{"line":67,"column":34}},"67":{"start":{"line":68,"column":0},"end":{"line":68,"column":17}},"68":{"start":{"line":69,"column":0},"end":{"line":69,"column":33}},"69":{"start":{"line":70,"column":0},"end":{"line":70,"column":16}},"70":{"start":{"line":71,"column":0},"end":{"line":71,"column":37}},"71":{"start":{"line":72,"column":0},"end":{"line":72,"column":22}},"72":{"start":{"line":73,"column":0},"end":{"line":73,"column":7}},"73":{"start":{"line":74,"column":0},"end":{"line":74,"column":6}},"74":{"start":{"line":75,"column":0},"end":{"line":75,"column":75}},"75":{"start":{"line":76,"column":0},"end":{"line":76,"column":77}},"76":{"start":{"line":77,"column":0},"end":{"line":77,"column":3}},"77":{"start":{"line":78,"column":0},"end":{"line":78,"column":1}},"78":{"start":{"line":79,"column":0},"end":{"line":79,"column":0}},"79":{"start":{"line":80,"column":0},"end":{"line":80,"column":25}}},"s":{"0":1,"1":1,"2":1,"3":1,"4":1,"5":1,"6":1,"7":1,"8":1,"9":6,"10":6,"11":6,"12":6,"13":6,"14":6,"15":6,"16":6,"17":0,"18":0,"19":6,"20":1,"21":1,"22":1,"23":1,"24":1,"25":1,"26":12,"27":12,"28":12,"29":12,"30":12,"31":12,"32":12,"33":10,"34":10,"35":2,"36":10,"37":1,"38":10,"39":1,"40":10,"41":3,"42":10,"43":3,"44":10,"45":0,"46":10,"47":12,"48":12,"49":12,"50":0,"51":0,"52":12,"53":1,"54":1,"55":1,"56":1,"57":1,"58":1,"59":16,"60":18,"61":18,"62":5,"63":18,"64":1,"65":18,"66":9,"67":18,"68":3,"69":18,"70":0,"71":0,"72":18,"73":16,"74":16,"75":16,"76":16,"77":1,"78":1,"79":1},"branchMap":{"0":{"type":"branch","line":9,"loc":{"start":{"line":9,"column":14},"end":{"line":20,"column":1}},"locations":[{"start":{"line":9,"column":14},"end":{"line":20,"column":1}}]},"1":{"type":"branch","line":16,"loc":{"start":{"line":16,"column":12},"end":{"line":16,"column":41}},"locations":[{"start":{"line":16,"column":12},"end":{"line":16,"column":41}}]},"2":{"type":"branch","line":16,"loc":{"start":{"line":16,"column":37},"end":{"line":16,"column":56}},"locations":[{"start":{"line":16,"column":37},"end":{"line":16,"column":56}}]},"3":{"type":"branch","line":17,"loc":{"start":{"line":17,"column":2},"end":{"line":19,"column":3}},"locations":[{"start":{"line":17,"column":2},"end":{"line":19,"column":3}}]},"4":{"type":"branch","line":26,"loc":{"start":{"line":26,"column":13},"end":{"line":53,"column":1}},"locations":[{"start":{"line":26,"column":13},"end":{"line":53,"column":1}}]},"5":{"type":"branch","line":49,"loc":{"start":{"line":49,"column":12},"end":{"line":49,"column":42}},"locations":[{"start":{"line":49,"column":12},"end":{"line":49,"column":42}}]},"6":{"type":"branch","line":49,"loc":{"start":{"line":49,"column":38},"end":{"line":49,"column":57}},"locations":[{"start":{"line":49,"column":38},"end":{"line":49,"column":57}}]},"7":{"type":"branch","line":50,"loc":{"start":{"line":50,"column":2},"end":{"line":52,"column":3}},"locations":[{"start":{"line":50,"column":2},"end":{"line":52,"column":3}}]},"8":{"type":"branch","line":33,"loc":{"start":{"line":33,"column":34},"end":{"line":48,"column":7}},"locations":[{"start":{"line":33,"column":34},"end":{"line":48,"column":7}}]},"9":{"type":"branch","line":35,"loc":{"start":{"line":35,"column":10},"end":{"line":36,"column":22}},"locations":[{"start":{"line":35,"column":10},"end":{"line":36,"column":22}}]},"10":{"type":"branch","line":37,"loc":{"start":{"line":37,"column":10},"end":{"line":38,"column":22}},"locations":[{"start":{"line":37,"column":10},"end":{"line":38,"column":22}}]},"11":{"type":"branch","line":39,"loc":{"start":{"line":39,"column":10},"end":{"line":40,"column":22}},"locations":[{"start":{"line":39,"column":10},"end":{"line":40,"column":22}}]},"12":{"type":"branch","line":41,"loc":{"start":{"line":41,"column":10},"end":{"line":42,"column":22}},"locations":[{"start":{"line":41,"column":10},"end":{"line":42,"column":22}}]},"13":{"type":"branch","line":43,"loc":{"start":{"line":43,"column":10},"end":{"line":44,"column":22}},"locations":[{"start":{"line":43,"column":10},"end":{"line":44,"column":22}}]},"14":{"type":"branch","line":45,"loc":{"start":{"line":45,"column":10},"end":{"line":46,"column":24}},"locations":[{"start":{"line":45,"column":10},"end":{"line":46,"column":24}}]},"15":{"type":"branch","line":55,"loc":{"start":{"line":55,"column":38},"end":{"line":78,"column":1}},"locations":[{"start":{"line":55,"column":38},"end":{"line":78,"column":1}}]},"16":{"type":"branch","line":59,"loc":{"start":{"line":59,"column":17},"end":{"line":77,"column":3}},"locations":[{"start":{"line":59,"column":17},"end":{"line":77,"column":3}}]},"17":{"type":"branch","line":60,"loc":{"start":{"line":60,"column":67},"end":{"line":74,"column":5}},"locations":[{"start":{"line":60,"column":67},"end":{"line":74,"column":5}}]},"18":{"type":"branch","line":62,"loc":{"start":{"line":62,"column":8},"end":{"line":63,"column":35}},"locations":[{"start":{"line":62,"column":8},"end":{"line":63,"column":35}}]},"19":{"type":"branch","line":64,"loc":{"start":{"line":64,"column":8},"end":{"line":65,"column":34}},"locations":[{"start":{"line":64,"column":8},"end":{"line":65,"column":34}}]},"20":{"type":"branch","line":66,"loc":{"start":{"line":66,"column":8},"end":{"line":67,"column":34}},"locations":[{"start":{"line":66,"column":8},"end":{"line":67,"column":34}}]},"21":{"type":"branch","line":68,"loc":{"start":{"line":68,"column":8},"end":{"line":69,"column":33}},"locations":[{"start":{"line":68,"column":8},"end":{"line":69,"column":33}}]},"22":{"type":"branch","line":70,"loc":{"start":{"line":70,"column":8},"end":{"line":72,"column":22}},"locations":[{"start":{"line":70,"column":8},"end":{"line":72,"column":22}}]}},"b":{"0":[6],"1":[5],"2":[1],"3":[0],"4":[12],"5":[9],"6":[3],"7":[0],"8":[10],"9":[2],"10":[1],"11":[1],"12":[3],"13":[3],"14":[0],"15":[1],"16":[16],"17":[18],"18":[5],"19":[1],"20":[9],"21":[3],"22":[0]},"fnMap":{"0":{"name":"kanji","decl":{"start":{"line":9,"column":14},"end":{"line":20,"column":1}},"loc":{"start":{"line":9,"column":14},"end":{"line":20,"column":1}},"line":9},"1":{"name":"code","decl":{"start":{"line":26,"column":13},"end":{"line":53,"column":1}},"loc":{"start":{"line":26,"column":13},"end":{"line":53,"column":1}},"line":26},"2":{"name":"jpCalendar","decl":{"start":{"line":55,"column":38},"end":{"line":78,"column":1}},"loc":{"start":{"line":55,"column":38},"end":{"line":78,"column":1}},"line":55},"3":{"name":"proto.format","decl":{"start":{"line":59,"column":17},"end":{"line":77,"column":3}},"loc":{"start":{"line":59,"column":17},"end":{"line":77,"column":3}},"line":59}},"f":{"0":6,"1":12,"2":1,"3":16}}
}
